<?xml version="1.0" encoding="UTF-8"?>
<testsuite xmlns:xsi="http://www.w3.org/2001/XMLSchema-instance" xsi:noNamespaceSchemaLocation="https://maven.apache.org/surefire/maven-surefire-plugin/xsd/surefire-test-report-3.0.xsd" version="3.0" name="cucumberOptions.TestRunner" time="1.699" tests="2" errors="0" skipped="0" failures="0">
  <properties>
[...]
</properties>
  <testcase name="Home page default login browser - arg" classname="Application Login" time="0.178">
    <system-out><![CDATA[
@MobileTest
Scenario: Home page default login browser - arg           # file:///C:/Users/LAPTOPS24/Documents/GitHub/CucumberBDDAutomation/src/test/java/features/Login.feature:11
Run before mobile Tests - before hook
Block1 a
  ✔ Given User is on Netbanking landing page              # stepDefinations.stepDefination.user_is_on_netbanking_landing_page()
jinjan
  ✔ When User login into application with "jin" and "jan" # stepDefinations.stepDefination.user_login_into_application_with_something_and_something(java.lang.String,java.lang.String)
Block3 c
  ✔ Then Home page is populated                           # stepDefinations.stepDefination.home_page_is_populated()
truecards
  ✔ And Cards are displayed is "true"                     # stepDefinations.stepDefination.cards_are_displayed_is_something(java.lang.String)
Run after mobile Tests - after hook
]]></system-out>
  </testcase>
  <testcase name="Home page default login failure - arg" classname="Application Login" time="0.004">
    <system-out><![CDATA[
@MobileTest
Scenario: Home page default login failure - arg           # file:///C:/Users/LAPTOPS24/Documents/GitHub/CucumberBDDAutomation/src/test/java/features/Login.feature:18
Run before mobile Tests - before hook
Block1 a
  ✔ Given User is on Netbanking landing page              # stepDefinations.stepDefination.user_is_on_netbanking_landing_page()
pinpan
  ✔ When User login into application with "pin" and "pan" # stepDefinations.stepDefination.user_login_into_application_with_something_and_something(java.lang.String,java.lang.String)
Block3 c
  ✔ Then Home page is populated                           # stepDefinations.stepDefination.home_page_is_populated()
falsecards
  ✔ And Cards are displayed is "false"                    # stepDefinations.stepDefination.cards_are_displayed_is_something(java.lang.String)
Run after mobile Tests - after hook
]]></system-out>
  </testcase>
</testsuite>